[0.012s] Invoking command in '/home/idlab185/UR3e-ROS2-resources/src/cartesian_waypoint_execution/build/cartesian_waypoint_execution': CMAKE_PREFIX_PATH=/opt/ros/foxy /usr/bin/cmake /home/idlab185/UR3e-ROS2-resources/src/cartesian_waypoint_execution -DCMAKE_BUILD_TYPE=Release -DCMAKE_INSTALL_PREFIX=/home/idlab185/UR3e-ROS2-resources/src/cartesian_waypoint_execution/install/cartesian_waypoint_execution
[0.025s] -- Found moveit_common: 2.2.1 (/opt/ros/foxy/share/moveit_common/cmake)
[0.025s] -- Found ament_cmake: 0.9.9 (/opt/ros/foxy/share/ament_cmake/cmake)
[0.043s] -- Using PYTHON_EXECUTABLE: /usr/bin/python3
[0.253s] -- Found Boost: /usr/lib/x86_64-linux-gnu/cmake/Boost-1.71.0/BoostConfig.cmake (found version "1.71.0") found components: system filesystem date_time thread 
[0.255s] -- Found control_msgs: 2.5.1 (/opt/ros/foxy/share/control_msgs/cmake)
[0.272s] -- Using all available rosidl_typesupport_c: rosidl_typesupport_fastrtps_c;rosidl_typesupport_introspection_c
[0.275s] -- Found rosidl_adapter: 1.2.1 (/opt/ros/foxy/share/rosidl_adapter/cmake)
[0.367s] -- Using all available rosidl_typesupport_cpp: rosidl_typesupport_fastrtps_cpp;rosidl_typesupport_introspection_cpp
[0.727s] -- Found moveit_core: 2.2.1 (/opt/ros/foxy/share/moveit_core/cmake)
[0.736s] -- Found Boost: /usr/lib/x86_64-linux-gnu/cmake/Boost-1.71.0/BoostConfig.cmake (found version "1.71.0") found components: chrono date_time filesystem iostreams program_options regex serialization system thread 
[0.793s] -- Found rmw_implementation_cmake: 1.0.3 (/opt/ros/foxy/share/rmw_implementation_cmake/cmake)
[0.795s] -- Using RMW implementation 'rmw_fastrtps_cpp' as default
[0.924s] -- library: /usr/lib/x86_64-linux-gnu/libcurl.so
[2.434s] -- Found moveit_ros_planning: 2.2.1 (/opt/ros/foxy/share/moveit_ros_planning/cmake)
[2.438s] -- Found Boost: /usr/lib/x86_64-linux-gnu/cmake/Boost-1.71.0/BoostConfig.cmake (found version "1.71.0") found components: system filesystem date_time program_options thread chrono 
[2.691s] -- Found Boost: /usr/lib/x86_64-linux-gnu/cmake/Boost-1.71.0/BoostConfig.cmake (found version "1.71.0") found components: thread 
[3.227s] -- Found moveit_ros_planning_interface: 2.2.1 (/opt/ros/foxy/share/moveit_ros_planning_interface/cmake)
[3.229s] -- Found Boost: /usr/lib/x86_64-linux-gnu/cmake/Boost-1.71.0/BoostConfig.cmake (found version "1.71.0")  
[3.234s] -- Found Boost: /usr/lib/x86_64-linux-gnu/cmake/Boost-1.71.0/BoostConfig.cmake (found version "1.71.0") found components: date_time filesystem program_options system thread 
[3.571s] -- Found Boost: /usr/lib/x86_64-linux-gnu/cmake/Boost-1.71.0/BoostConfig.cmake (found version "1.71.0") found components: thread system filesystem regex date_time program_options 
[3.904s] -- Found Boost: /usr/lib/x86_64-linux-gnu/cmake/Boost-1.71.0/BoostConfig.cmake (found version "1.71.0") found components: system filesystem date_time program_options thread 
[4.430s] -- Found moveit_ros_perception: 2.2.1 (/opt/ros/foxy/share/moveit_ros_perception/cmake)
[4.433s] -- Found Boost: /usr/lib/x86_64-linux-gnu/cmake/Boost-1.71.0/BoostConfig.cmake (found version "1.71.0") found components: thread 
[4.929s] -- Found moveit_servo: 2.2.1 (/opt/ros/foxy/share/moveit_servo/cmake)
[5.167s] -- Found interactive_markers: 2.1.3 (/opt/ros/foxy/share/interactive_markers/cmake)
[5.192s] CMake Error at CMakeLists.txt:32 (find_package):
[5.192s]   By not providing "Findrviz_visual_tools.cmake" in CMAKE_MODULE_PATH this
[5.193s]   project has asked CMake to find a package configuration file provided by
[5.193s]   "rviz_visual_tools", but CMake did not find one.
[5.193s] 
[5.193s]   Could not find a package configuration file provided by "rviz_visual_tools"
[5.193s]   with any of the following names:
[5.193s] 
[5.193s]     rviz_visual_toolsConfig.cmake
[5.193s]     rviz_visual_tools-config.cmake
[5.193s] 
[5.193s]   Add the installation prefix of "rviz_visual_tools" to CMAKE_PREFIX_PATH or
[5.193s]   set "rviz_visual_tools_DIR" to a directory containing one of the above
[5.194s]   files.  If "rviz_visual_tools" provides a separate development package or
[5.194s]   SDK, be sure it has been installed.
[5.194s] 
[5.194s] 
[5.194s] -- Configuring incomplete, errors occurred!
[5.195s] See also "/home/idlab185/UR3e-ROS2-resources/src/cartesian_waypoint_execution/build/cartesian_waypoint_execution/CMakeFiles/CMakeOutput.log".
[5.195s] See also "/home/idlab185/UR3e-ROS2-resources/src/cartesian_waypoint_execution/build/cartesian_waypoint_execution/CMakeFiles/CMakeError.log".
[5.202s] Invoked command in '/home/idlab185/UR3e-ROS2-resources/src/cartesian_waypoint_execution/build/cartesian_waypoint_execution' returned '1': CMAKE_PREFIX_PATH=/opt/ros/foxy /usr/bin/cmake /home/idlab185/UR3e-ROS2-resources/src/cartesian_waypoint_execution -DCMAKE_BUILD_TYPE=Release -DCMAKE_INSTALL_PREFIX=/home/idlab185/UR3e-ROS2-resources/src/cartesian_waypoint_execution/install/cartesian_waypoint_execution
