Performing C SOURCE FILE Test CMAKE_HAVE_LIBC_PTHREAD failed with the following output:
Change Dir: /home/idlab185/UR3e-ROS2-resources/src/cartesian_waypoint_execution/build/cartesian_waypoint_execution/CMakeFiles/CMakeTmp

Run Build Command(s):/usr/bin/make cmTC_0fb03/fast && /usr/bin/make -f CMakeFiles/cmTC_0fb03.dir/build.make CMakeFiles/cmTC_0fb03.dir/build
make[1]: Entering directory '/home/idlab185/UR3e-ROS2-resources/src/cartesian_waypoint_execution/build/cartesian_waypoint_execution/CMakeFiles/CMakeTmp'
Building C object CMakeFiles/cmTC_0fb03.dir/src.c.o
/usr/bin/cc   -DCMAKE_HAVE_LIBC_PTHREAD   -o CMakeFiles/cmTC_0fb03.dir/src.c.o   -c /home/idlab185/UR3e-ROS2-resources/src/cartesian_waypoint_execution/build/cartesian_waypoint_execution/CMakeFiles/CMakeTmp/src.c
Linking C executable cmTC_0fb03
/usr/bin/cmake -E cmake_link_script CMakeFiles/cmTC_0fb03.dir/link.txt --verbose=1
/usr/bin/cc  -DCMAKE_HAVE_LIBC_PTHREAD    CMakeFiles/cmTC_0fb03.dir/src.c.o  -o cmTC_0fb03 
/usr/bin/ld: CMakeFiles/cmTC_0fb03.dir/src.c.o: in function `main':
src.c:(.text+0x46): undefined reference to `pthread_create'
/usr/bin/ld: src.c:(.text+0x52): undefined reference to `pthread_detach'
/usr/bin/ld: src.c:(.text+0x63): undefined reference to `pthread_join'
collect2: error: ld returned 1 exit status
make[1]: *** [CMakeFiles/cmTC_0fb03.dir/build.make:87: cmTC_0fb03] Error 1
make[1]: Leaving directory '/home/idlab185/UR3e-ROS2-resources/src/cartesian_waypoint_execution/build/cartesian_waypoint_execution/CMakeFiles/CMakeTmp'
make: *** [Makefile:121: cmTC_0fb03/fast] Error 2


Source file was:
#include <pthread.h>

void* test_func(void* data)
{
  return data;
}

int main(void)
{
  pthread_t thread;
  pthread_create(&thread, NULL, test_func, NULL);
  pthread_detach(thread);
  pthread_join(thread, NULL);
  pthread_atfork(NULL, NULL, NULL);
  pthread_exit(NULL);

  return 0;
}

Determining if the function pthread_create exists in the pthreads failed with the following output:
Change Dir: /home/idlab185/UR3e-ROS2-resources/src/cartesian_waypoint_execution/build/cartesian_waypoint_execution/CMakeFiles/CMakeTmp

Run Build Command(s):/usr/bin/make cmTC_d8eeb/fast && /usr/bin/make -f CMakeFiles/cmTC_d8eeb.dir/build.make CMakeFiles/cmTC_d8eeb.dir/build
make[1]: Entering directory '/home/idlab185/UR3e-ROS2-resources/src/cartesian_waypoint_execution/build/cartesian_waypoint_execution/CMakeFiles/CMakeTmp'
Building C object CMakeFiles/cmTC_d8eeb.dir/CheckFunctionExists.c.o
/usr/bin/cc   -DCHECK_FUNCTION_EXISTS=pthread_create   -o CMakeFiles/cmTC_d8eeb.dir/CheckFunctionExists.c.o   -c /usr/share/cmake-3.16/Modules/CheckFunctionExists.c
Linking C executable cmTC_d8eeb
/usr/bin/cmake -E cmake_link_script CMakeFiles/cmTC_d8eeb.dir/link.txt --verbose=1
/usr/bin/cc  -DCHECK_FUNCTION_EXISTS=pthread_create    CMakeFiles/cmTC_d8eeb.dir/CheckFunctionExists.c.o  -o cmTC_d8eeb  -lpthreads 
/usr/bin/ld: cannot find -lpthreads
collect2: error: ld returned 1 exit status
make[1]: *** [CMakeFiles/cmTC_d8eeb.dir/build.make:87: cmTC_d8eeb] Error 1
make[1]: Leaving directory '/home/idlab185/UR3e-ROS2-resources/src/cartesian_waypoint_execution/build/cartesian_waypoint_execution/CMakeFiles/CMakeTmp'
make: *** [Makefile:121: cmTC_d8eeb/fast] Error 2



