[0.267s] DEBUG:colcon:Command line arguments: ['/usr/bin/colcon', 'build']
[0.268s] DEBUG:colcon:Parsed command line arguments: Namespace(ament_cmake_args=None, base_paths=['.'], build_base='build', catkin_cmake_args=None, catkin_skip_building_tests=False, cmake_args=None, cmake_clean_cache=False, cmake_clean_first=False, cmake_force_configure=False, cmake_target=None, cmake_target_skip_unavailable=False, continue_on_error=False, event_handlers=None, executor='parallel', ignore_user_meta=False, install_base='install', log_base=None, log_level=None, main=<bound method BuildVerb.main of <colcon_core.verb.build.BuildVerb object at 0x7f46ae0a6250>>, merge_install=False, metas=['./colcon.meta'], mixin=None, mixin_files=None, mixin_verb=('build',), packages_above=None, packages_above_and_dependencies=None, packages_above_depth=None, packages_end=None, packages_ignore=None, packages_ignore_regex=None, packages_select=None, packages_select_build_failed=False, packages_select_by_dep=None, packages_select_regex=None, packages_select_test_failures=False, packages_skip=None, packages_skip_build_finished=False, packages_skip_by_dep=None, packages_skip_regex=None, packages_skip_test_passed=False, packages_skip_up_to=None, packages_start=None, packages_up_to=None, packages_up_to_regex=None, parallel_workers=12, paths=None, symlink_install=False, test_result_base=None, verb_extension=<colcon_core.verb.build.BuildVerb object at 0x7f46ae0a6250>, verb_name='build', verb_parser=<colcon_mixin.mixin.mixin_argument.MixinArgumentDecorator object at 0x7f46ae0a68b0>)
[0.273s] Level 1:colcon.colcon_core.package_discovery:discover_packages(colcon_meta) check parameters
[0.273s] Level 1:colcon.colcon_core.package_discovery:discover_packages(recursive) check parameters
[0.273s] Level 1:colcon.colcon_core.package_discovery:discover_packages(ignore) check parameters
[0.273s] Level 1:colcon.colcon_core.package_discovery:discover_packages(path) check parameters
[0.273s] Level 1:colcon.colcon_core.package_discovery:discover_packages(colcon_meta) discover
[0.273s] Level 1:colcon.colcon_core.package_discovery:discover_packages(recursive) discover
[0.273s] INFO:colcon.colcon_core.package_discovery:Crawling recursively for packages in '/home/idlab185/UR3e-ROS2-resources/src/cartesian_waypoint_execution'
[0.273s] Level 1:colcon.colcon_core.package_identification:_identify(.) by extensions ['ignore', 'ignore_ament_install']
[0.274s] Level 1:colcon.colcon_core.package_identification:_identify(.) by extension 'ignore'
[0.274s] Level 1:colcon.colcon_core.package_identification:_identify(.) by extension 'ignore_ament_install'
[0.274s] Level 1:colcon.colcon_core.package_identification:_identify(.) by extensions ['colcon_pkg']
[0.274s] Level 1:colcon.colcon_core.package_identification:_identify(.) by extension 'colcon_pkg'
[0.274s] Level 1:colcon.colcon_core.package_identification:_identify(.) by extensions ['colcon_meta']
[0.274s] Level 1:colcon.colcon_core.package_identification:_identify(.) by extension 'colcon_meta'
[0.274s] Level 1:colcon.colcon_core.package_identification:_identify(.) by extensions ['ros']
[0.274s] Level 1:colcon.colcon_core.package_identification:_identify(.) by extension 'ros'
[0.287s] DEBUG:colcon.colcon_core.package_identification:Package '.' with type 'ros.ament_cmake' and name 'cartesian_waypoint_execution'
[0.287s] Level 1:colcon.colcon_core.package_discovery:discover_packages(recursive) using defaults
[0.287s] Level 1:colcon.colcon_core.package_discovery:discover_packages(ignore) discover
[0.287s] Level 1:colcon.colcon_core.package_discovery:discover_packages(ignore) using defaults
[0.287s] Level 1:colcon.colcon_core.package_discovery:discover_packages(path) discover
[0.287s] Level 1:colcon.colcon_core.package_discovery:discover_packages(path) using defaults
[0.302s] Level 5:colcon.colcon_core.verb:set package 'cartesian_waypoint_execution' build argument 'cmake_args' from command line to 'None'
[0.302s] Level 5:colcon.colcon_core.verb:set package 'cartesian_waypoint_execution' build argument 'cmake_target' from command line to 'None'
[0.302s] Level 5:colcon.colcon_core.verb:set package 'cartesian_waypoint_execution' build argument 'cmake_target_skip_unavailable' from command line to 'False'
[0.302s] Level 5:colcon.colcon_core.verb:set package 'cartesian_waypoint_execution' build argument 'cmake_clean_cache' from command line to 'False'
[0.302s] Level 5:colcon.colcon_core.verb:set package 'cartesian_waypoint_execution' build argument 'cmake_clean_first' from command line to 'False'
[0.302s] Level 5:colcon.colcon_core.verb:set package 'cartesian_waypoint_execution' build argument 'cmake_force_configure' from command line to 'False'
[0.302s] Level 5:colcon.colcon_core.verb:set package 'cartesian_waypoint_execution' build argument 'ament_cmake_args' from command line to 'None'
[0.302s] Level 5:colcon.colcon_core.verb:set package 'cartesian_waypoint_execution' build argument 'catkin_cmake_args' from command line to 'None'
[0.302s] Level 5:colcon.colcon_core.verb:set package 'cartesian_waypoint_execution' build argument 'catkin_skip_building_tests' from command line to 'False'
[0.302s] DEBUG:colcon.colcon_core.verb:Building package 'cartesian_waypoint_execution' with the following arguments: {'ament_cmake_args': None, 'build_base': '/home/idlab185/UR3e-ROS2-resources/src/cartesian_waypoint_execution/build/cartesian_waypoint_execution', 'catkin_cmake_args': None, 'catkin_skip_building_tests': False, 'cmake_args': None, 'cmake_clean_cache': False, 'cmake_clean_first': False, 'cmake_force_configure': False, 'cmake_target': None, 'cmake_target_skip_unavailable': False, 'install_base': '/home/idlab185/UR3e-ROS2-resources/src/cartesian_waypoint_execution/install/cartesian_waypoint_execution', 'merge_install': False, 'path': '/home/idlab185/UR3e-ROS2-resources/src/cartesian_waypoint_execution', 'symlink_install': False, 'test_result_base': None}
[0.302s] INFO:colcon.colcon_core.executor:Executing jobs using 'parallel' executor
[0.304s] DEBUG:colcon.colcon_parallel_executor.executor.parallel:run_until_complete
[0.304s] INFO:colcon.colcon_ros.task.ament_cmake.build:Building ROS package in '/home/idlab185/UR3e-ROS2-resources/src/cartesian_waypoint_execution' with build type 'ament_cmake'
[0.305s] INFO:colcon.colcon_cmake.task.cmake.build:Building CMake package in '/home/idlab185/UR3e-ROS2-resources/src/cartesian_waypoint_execution'
[0.311s] INFO:colcon.colcon_core.plugin_system:Skipping extension 'colcon_core.shell.bat': Not used on non-Windows systems
[0.311s] INFO:colcon.colcon_core.shell:Skip shell extension 'powershell' for command environment: Not usable outside of PowerShell
[0.311s] DEBUG:colcon.colcon_core.shell:Skip shell extension 'dsv' for command environment
[0.314s] DEBUG:colcon.colcon_core.shell:Ignoring prefix path '/opt/ros/foxy'
[0.320s] DEBUG:colcon.colcon_core.event_handler.log_command:Invoking command in '/home/idlab185/UR3e-ROS2-resources/src/cartesian_waypoint_execution/build/cartesian_waypoint_execution': CMAKE_PREFIX_PATH=/opt/ros/foxy /usr/bin/cmake /home/idlab185/UR3e-ROS2-resources/src/cartesian_waypoint_execution -DCMAKE_INSTALL_PREFIX=/home/idlab185/UR3e-ROS2-resources/src/cartesian_waypoint_execution/install/cartesian_waypoint_execution
[6.576s] DEBUG:colcon.colcon_core.event_handler.log_command:Invoked command in '/home/idlab185/UR3e-ROS2-resources/src/cartesian_waypoint_execution/build/cartesian_waypoint_execution' returned '1': CMAKE_PREFIX_PATH=/opt/ros/foxy /usr/bin/cmake /home/idlab185/UR3e-ROS2-resources/src/cartesian_waypoint_execution -DCMAKE_INSTALL_PREFIX=/home/idlab185/UR3e-ROS2-resources/src/cartesian_waypoint_execution/install/cartesian_waypoint_execution
[6.587s] Level 1:colcon.colcon_core.environment:create_environment_scripts_only(cartesian_waypoint_execution)
[6.593s] Level 1:colcon.colcon_core.environment:checking '/home/idlab185/UR3e-ROS2-resources/src/cartesian_waypoint_execution/install/cartesian_waypoint_execution' for CMake module files
[6.593s] Level 1:colcon.colcon_core.environment:checking '/home/idlab185/UR3e-ROS2-resources/src/cartesian_waypoint_execution/install/cartesian_waypoint_execution' for CMake config files
[6.593s] Level 1:colcon.colcon_core.environment:checking '/home/idlab185/UR3e-ROS2-resources/src/cartesian_waypoint_execution/install/cartesian_waypoint_execution/bin'
[6.593s] Level 1:colcon.colcon_core.environment:checking '/home/idlab185/UR3e-ROS2-resources/src/cartesian_waypoint_execution/install/cartesian_waypoint_execution/lib/pkgconfig/cartesian_waypoint_execution.pc'
[6.593s] Level 1:colcon.colcon_core.environment:checking '/home/idlab185/UR3e-ROS2-resources/src/cartesian_waypoint_execution/install/cartesian_waypoint_execution/lib/python3.8/site-packages'
[6.594s] INFO:colcon.colcon_core.shell:Creating package script '/home/idlab185/UR3e-ROS2-resources/src/cartesian_waypoint_execution/install/cartesian_waypoint_execution/share/cartesian_waypoint_execution/package.ps1'
[6.595s] INFO:colcon.colcon_core.shell:Creating package descriptor '/home/idlab185/UR3e-ROS2-resources/src/cartesian_waypoint_execution/install/cartesian_waypoint_execution/share/cartesian_waypoint_execution/package.dsv'
[6.595s] INFO:colcon.colcon_core.shell:Creating package script '/home/idlab185/UR3e-ROS2-resources/src/cartesian_waypoint_execution/install/cartesian_waypoint_execution/share/cartesian_waypoint_execution/package.sh'
[6.596s] INFO:colcon.colcon_core.shell:Creating package script '/home/idlab185/UR3e-ROS2-resources/src/cartesian_waypoint_execution/install/cartesian_waypoint_execution/share/cartesian_waypoint_execution/package.bash'
[6.597s] INFO:colcon.colcon_core.shell:Creating package script '/home/idlab185/UR3e-ROS2-resources/src/cartesian_waypoint_execution/install/cartesian_waypoint_execution/share/cartesian_waypoint_execution/package.zsh'
[6.597s] Level 1:colcon.colcon_core.environment:create_file_with_runtime_dependencies(/home/idlab185/UR3e-ROS2-resources/src/cartesian_waypoint_execution/install/cartesian_waypoint_execution/share/colcon-core/packages/cartesian_waypoint_execution)
[6.608s] DEBUG:colcon.colcon_parallel_executor.executor.parallel:closing loop
[6.608s] DEBUG:colcon.colcon_parallel_executor.executor.parallel:loop closed
[6.608s] DEBUG:colcon.colcon_parallel_executor.executor.parallel:run_until_complete finished with '1'
[6.609s] DEBUG:colcon.colcon_core.event_reactor:joining thread
[6.621s] INFO:colcon.colcon_core.plugin_system:Skipping extension 'colcon_notification.desktop_notification.terminal_notifier': Not used on non-Darwin systems
[6.621s] INFO:colcon.colcon_core.plugin_system:Skipping extension 'colcon_notification.desktop_notification.win32': Not used on non-Windows systems
[6.621s] INFO:colcon.colcon_notification.desktop_notification:Sending desktop notification using 'notify2'
[6.630s] DEBUG:colcon.colcon_core.event_reactor:joined thread
[6.630s] INFO:colcon.colcon_core.shell:Creating prefix script '/home/idlab185/UR3e-ROS2-resources/src/cartesian_waypoint_execution/install/local_setup.ps1'
[6.632s] INFO:colcon.colcon_core.shell:Creating prefix util module '/home/idlab185/UR3e-ROS2-resources/src/cartesian_waypoint_execution/install/_local_setup_util_ps1.py'
[6.633s] INFO:colcon.colcon_core.shell:Creating prefix chain script '/home/idlab185/UR3e-ROS2-resources/src/cartesian_waypoint_execution/install/setup.ps1'
[6.635s] INFO:colcon.colcon_core.shell:Creating prefix script '/home/idlab185/UR3e-ROS2-resources/src/cartesian_waypoint_execution/install/local_setup.sh'
[6.636s] INFO:colcon.colcon_core.shell:Creating prefix util module '/home/idlab185/UR3e-ROS2-resources/src/cartesian_waypoint_execution/install/_local_setup_util_sh.py'
[6.636s] INFO:colcon.colcon_core.shell:Creating prefix chain script '/home/idlab185/UR3e-ROS2-resources/src/cartesian_waypoint_execution/install/setup.sh'
[6.638s] INFO:colcon.colcon_core.shell:Creating prefix script '/home/idlab185/UR3e-ROS2-resources/src/cartesian_waypoint_execution/install/local_setup.bash'
[6.638s] INFO:colcon.colcon_core.shell:Creating prefix chain script '/home/idlab185/UR3e-ROS2-resources/src/cartesian_waypoint_execution/install/setup.bash'
[6.640s] INFO:colcon.colcon_core.shell:Creating prefix script '/home/idlab185/UR3e-ROS2-resources/src/cartesian_waypoint_execution/install/local_setup.zsh'
[6.640s] INFO:colcon.colcon_core.shell:Creating prefix chain script '/home/idlab185/UR3e-ROS2-resources/src/cartesian_waypoint_execution/install/setup.zsh'
