[0.249s] DEBUG:colcon:Command line arguments: ['/usr/bin/colcon', 'build', '--mixin', 'release']
[0.249s] DEBUG:colcon:Parsed command line arguments: Namespace(ament_cmake_args=None, base_paths=['.'], build_base='build', catkin_cmake_args=None, catkin_skip_building_tests=False, cmake_args=['-DCMAKE_BUILD_TYPE=Release'], cmake_clean_cache=False, cmake_clean_first=False, cmake_force_configure=False, cmake_target=None, cmake_target_skip_unavailable=False, continue_on_error=False, event_handlers=None, executor='parallel', ignore_user_meta=False, install_base='install', log_base=None, log_level=None, main=<bound method BuildVerb.main of <colcon_core.verb.build.BuildVerb object at 0x7f0e6708a280>>, merge_install=False, metas=['./colcon.meta'], mixin=['release'], mixin_files=None, mixin_verb=('build',), packages_above=None, packages_above_and_dependencies=None, packages_above_depth=None, packages_end=None, packages_ignore=None, packages_ignore_regex=None, packages_select=None, packages_select_build_failed=False, packages_select_by_dep=None, packages_select_regex=None, packages_select_test_failures=False, packages_skip=None, packages_skip_build_finished=False, packages_skip_by_dep=None, packages_skip_regex=None, packages_skip_test_passed=False, packages_skip_up_to=None, packages_start=None, packages_up_to=None, packages_up_to_regex=None, parallel_workers=12, paths=None, symlink_install=False, test_result_base=None, verb_extension=<colcon_core.verb.build.BuildVerb object at 0x7f0e6708a280>, verb_name='build', verb_parser=<colcon_mixin.mixin.mixin_argument.MixinArgumentDecorator object at 0x7f0e6708a8e0>)
[0.253s] Level 1:colcon.colcon_core.package_discovery:discover_packages(colcon_meta) check parameters
[0.253s] Level 1:colcon.colcon_core.package_discovery:discover_packages(recursive) check parameters
[0.254s] Level 1:colcon.colcon_core.package_discovery:discover_packages(ignore) check parameters
[0.254s] Level 1:colcon.colcon_core.package_discovery:discover_packages(path) check parameters
[0.254s] Level 1:colcon.colcon_core.package_discovery:discover_packages(colcon_meta) discover
[0.254s] Level 1:colcon.colcon_core.package_discovery:discover_packages(recursive) discover
[0.254s] INFO:colcon.colcon_core.package_discovery:Crawling recursively for packages in '/home/idlab185/UR3e-ROS2-resources/src/cartesian_waypoint_execution'
[0.254s] Level 1:colcon.colcon_core.package_identification:_identify(.) by extensions ['ignore', 'ignore_ament_install']
[0.254s] Level 1:colcon.colcon_core.package_identification:_identify(.) by extension 'ignore'
[0.254s] Level 1:colcon.colcon_core.package_identification:_identify(.) by extension 'ignore_ament_install'
[0.254s] Level 1:colcon.colcon_core.package_identification:_identify(.) by extensions ['colcon_pkg']
[0.254s] Level 1:colcon.colcon_core.package_identification:_identify(.) by extension 'colcon_pkg'
[0.254s] Level 1:colcon.colcon_core.package_identification:_identify(.) by extensions ['colcon_meta']
[0.254s] Level 1:colcon.colcon_core.package_identification:_identify(.) by extension 'colcon_meta'
[0.254s] Level 1:colcon.colcon_core.package_identification:_identify(.) by extensions ['ros']
[0.254s] Level 1:colcon.colcon_core.package_identification:_identify(.) by extension 'ros'
[0.265s] DEBUG:colcon.colcon_core.package_identification:Package '.' with type 'ros.ament_cmake' and name 'cartesian_waypoint_execution'
[0.265s] Level 1:colcon.colcon_core.package_discovery:discover_packages(recursive) using defaults
[0.266s] Level 1:colcon.colcon_core.package_discovery:discover_packages(ignore) discover
[0.266s] Level 1:colcon.colcon_core.package_discovery:discover_packages(ignore) using defaults
[0.266s] Level 1:colcon.colcon_core.package_discovery:discover_packages(path) discover
[0.266s] Level 1:colcon.colcon_core.package_discovery:discover_packages(path) using defaults
[0.285s] Level 5:colcon.colcon_core.verb:set package 'cartesian_waypoint_execution' build argument 'cmake_args' from command line to '['-DCMAKE_BUILD_TYPE=Release']'
[0.285s] Level 5:colcon.colcon_core.verb:set package 'cartesian_waypoint_execution' build argument 'cmake_target' from command line to 'None'
[0.285s] Level 5:colcon.colcon_core.verb:set package 'cartesian_waypoint_execution' build argument 'cmake_target_skip_unavailable' from command line to 'False'
[0.285s] Level 5:colcon.colcon_core.verb:set package 'cartesian_waypoint_execution' build argument 'cmake_clean_cache' from command line to 'False'
[0.285s] Level 5:colcon.colcon_core.verb:set package 'cartesian_waypoint_execution' build argument 'cmake_clean_first' from command line to 'False'
[0.285s] Level 5:colcon.colcon_core.verb:set package 'cartesian_waypoint_execution' build argument 'cmake_force_configure' from command line to 'False'
[0.286s] Level 5:colcon.colcon_core.verb:set package 'cartesian_waypoint_execution' build argument 'ament_cmake_args' from command line to 'None'
[0.286s] Level 5:colcon.colcon_core.verb:set package 'cartesian_waypoint_execution' build argument 'catkin_cmake_args' from command line to 'None'
[0.286s] Level 5:colcon.colcon_core.verb:set package 'cartesian_waypoint_execution' build argument 'catkin_skip_building_tests' from command line to 'False'
[0.286s] DEBUG:colcon.colcon_core.verb:Building package 'cartesian_waypoint_execution' with the following arguments: {'ament_cmake_args': None, 'build_base': '/home/idlab185/UR3e-ROS2-resources/src/cartesian_waypoint_execution/build/cartesian_waypoint_execution', 'catkin_cmake_args': None, 'catkin_skip_building_tests': False, 'cmake_args': ['-DCMAKE_BUILD_TYPE=Release'], 'cmake_clean_cache': False, 'cmake_clean_first': False, 'cmake_force_configure': False, 'cmake_target': None, 'cmake_target_skip_unavailable': False, 'install_base': '/home/idlab185/UR3e-ROS2-resources/src/cartesian_waypoint_execution/install/cartesian_waypoint_execution', 'merge_install': False, 'path': '/home/idlab185/UR3e-ROS2-resources/src/cartesian_waypoint_execution', 'symlink_install': False, 'test_result_base': None}
[0.286s] INFO:colcon.colcon_core.executor:Executing jobs using 'parallel' executor
[0.288s] DEBUG:colcon.colcon_parallel_executor.executor.parallel:run_until_complete
[0.288s] INFO:colcon.colcon_ros.task.ament_cmake.build:Building ROS package in '/home/idlab185/UR3e-ROS2-resources/src/cartesian_waypoint_execution' with build type 'ament_cmake'
[0.288s] INFO:colcon.colcon_cmake.task.cmake.build:Building CMake package in '/home/idlab185/UR3e-ROS2-resources/src/cartesian_waypoint_execution'
[0.292s] INFO:colcon.colcon_core.plugin_system:Skipping extension 'colcon_core.shell.bat': Not used on non-Windows systems
[0.292s] INFO:colcon.colcon_core.shell:Skip shell extension 'powershell' for command environment: Not usable outside of PowerShell
[0.292s] DEBUG:colcon.colcon_core.shell:Skip shell extension 'dsv' for command environment
[0.294s] DEBUG:colcon.colcon_core.shell:Ignoring prefix path '/opt/ros/foxy'
[0.300s] DEBUG:colcon.colcon_core.event_handler.log_command:Invoking command in '/home/idlab185/UR3e-ROS2-resources/src/cartesian_waypoint_execution/build/cartesian_waypoint_execution': CMAKE_PREFIX_PATH=/opt/ros/foxy /usr/bin/cmake /home/idlab185/UR3e-ROS2-resources/src/cartesian_waypoint_execution -DCMAKE_BUILD_TYPE=Release -DCMAKE_INSTALL_PREFIX=/home/idlab185/UR3e-ROS2-resources/src/cartesian_waypoint_execution/install/cartesian_waypoint_execution
[5.491s] DEBUG:colcon.colcon_core.event_handler.log_command:Invoked command in '/home/idlab185/UR3e-ROS2-resources/src/cartesian_waypoint_execution/build/cartesian_waypoint_execution' returned '1': CMAKE_PREFIX_PATH=/opt/ros/foxy /usr/bin/cmake /home/idlab185/UR3e-ROS2-resources/src/cartesian_waypoint_execution -DCMAKE_BUILD_TYPE=Release -DCMAKE_INSTALL_PREFIX=/home/idlab185/UR3e-ROS2-resources/src/cartesian_waypoint_execution/install/cartesian_waypoint_execution
[5.501s] Level 1:colcon.colcon_core.environment:create_environment_scripts_only(cartesian_waypoint_execution)
[5.504s] Level 1:colcon.colcon_core.environment:checking '/home/idlab185/UR3e-ROS2-resources/src/cartesian_waypoint_execution/install/cartesian_waypoint_execution' for CMake module files
[5.504s] Level 1:colcon.colcon_core.environment:checking '/home/idlab185/UR3e-ROS2-resources/src/cartesian_waypoint_execution/install/cartesian_waypoint_execution' for CMake config files
[5.505s] Level 1:colcon.colcon_core.environment:checking '/home/idlab185/UR3e-ROS2-resources/src/cartesian_waypoint_execution/install/cartesian_waypoint_execution/bin'
[5.505s] Level 1:colcon.colcon_core.environment:checking '/home/idlab185/UR3e-ROS2-resources/src/cartesian_waypoint_execution/install/cartesian_waypoint_execution/lib/pkgconfig/cartesian_waypoint_execution.pc'
[5.505s] Level 1:colcon.colcon_core.environment:checking '/home/idlab185/UR3e-ROS2-resources/src/cartesian_waypoint_execution/install/cartesian_waypoint_execution/lib/python3.8/site-packages'
[5.505s] INFO:colcon.colcon_core.shell:Creating package script '/home/idlab185/UR3e-ROS2-resources/src/cartesian_waypoint_execution/install/cartesian_waypoint_execution/share/cartesian_waypoint_execution/package.ps1'
[5.506s] INFO:colcon.colcon_core.shell:Creating package descriptor '/home/idlab185/UR3e-ROS2-resources/src/cartesian_waypoint_execution/install/cartesian_waypoint_execution/share/cartesian_waypoint_execution/package.dsv'
[5.506s] INFO:colcon.colcon_core.shell:Creating package script '/home/idlab185/UR3e-ROS2-resources/src/cartesian_waypoint_execution/install/cartesian_waypoint_execution/share/cartesian_waypoint_execution/package.sh'
[5.507s] INFO:colcon.colcon_core.shell:Creating package script '/home/idlab185/UR3e-ROS2-resources/src/cartesian_waypoint_execution/install/cartesian_waypoint_execution/share/cartesian_waypoint_execution/package.bash'
[5.508s] INFO:colcon.colcon_core.shell:Creating package script '/home/idlab185/UR3e-ROS2-resources/src/cartesian_waypoint_execution/install/cartesian_waypoint_execution/share/cartesian_waypoint_execution/package.zsh'
[5.508s] Level 1:colcon.colcon_core.environment:create_file_with_runtime_dependencies(/home/idlab185/UR3e-ROS2-resources/src/cartesian_waypoint_execution/install/cartesian_waypoint_execution/share/colcon-core/packages/cartesian_waypoint_execution)
[5.519s] DEBUG:colcon.colcon_parallel_executor.executor.parallel:closing loop
[5.519s] DEBUG:colcon.colcon_parallel_executor.executor.parallel:loop closed
[5.519s] DEBUG:colcon.colcon_parallel_executor.executor.parallel:run_until_complete finished with '1'
[5.519s] DEBUG:colcon.colcon_core.event_reactor:joining thread
[5.523s] INFO:colcon.colcon_core.plugin_system:Skipping extension 'colcon_notification.desktop_notification.terminal_notifier': Not used on non-Darwin systems
[5.523s] INFO:colcon.colcon_core.plugin_system:Skipping extension 'colcon_notification.desktop_notification.win32': Not used on non-Windows systems
[5.523s] INFO:colcon.colcon_notification.desktop_notification:Sending desktop notification using 'notify2'
[5.531s] DEBUG:colcon.colcon_core.event_reactor:joined thread
[5.532s] INFO:colcon.colcon_core.shell:Creating prefix script '/home/idlab185/UR3e-ROS2-resources/src/cartesian_waypoint_execution/install/local_setup.ps1'
[5.533s] INFO:colcon.colcon_core.shell:Creating prefix util module '/home/idlab185/UR3e-ROS2-resources/src/cartesian_waypoint_execution/install/_local_setup_util_ps1.py'
[5.534s] INFO:colcon.colcon_core.shell:Creating prefix chain script '/home/idlab185/UR3e-ROS2-resources/src/cartesian_waypoint_execution/install/setup.ps1'
[5.535s] INFO:colcon.colcon_core.shell:Creating prefix script '/home/idlab185/UR3e-ROS2-resources/src/cartesian_waypoint_execution/install/local_setup.sh'
[5.536s] INFO:colcon.colcon_core.shell:Creating prefix util module '/home/idlab185/UR3e-ROS2-resources/src/cartesian_waypoint_execution/install/_local_setup_util_sh.py'
[5.536s] INFO:colcon.colcon_core.shell:Creating prefix chain script '/home/idlab185/UR3e-ROS2-resources/src/cartesian_waypoint_execution/install/setup.sh'
[5.538s] INFO:colcon.colcon_core.shell:Creating prefix script '/home/idlab185/UR3e-ROS2-resources/src/cartesian_waypoint_execution/install/local_setup.bash'
[5.538s] INFO:colcon.colcon_core.shell:Creating prefix chain script '/home/idlab185/UR3e-ROS2-resources/src/cartesian_waypoint_execution/install/setup.bash'
[5.540s] INFO:colcon.colcon_core.shell:Creating prefix script '/home/idlab185/UR3e-ROS2-resources/src/cartesian_waypoint_execution/install/local_setup.zsh'
[5.540s] INFO:colcon.colcon_core.shell:Creating prefix chain script '/home/idlab185/UR3e-ROS2-resources/src/cartesian_waypoint_execution/install/setup.zsh'
