[0.015s] Invoking command in '/home/idlab185/UR3e-ROS2-resources/src/cartesian_waypoint_execution/build/cartesian_waypoint_execution': CMAKE_PREFIX_PATH=/opt/ros/foxy /usr/bin/cmake /home/idlab185/UR3e-ROS2-resources/src/cartesian_waypoint_execution -DCMAKE_INSTALL_PREFIX=/home/idlab185/UR3e-ROS2-resources/src/cartesian_waypoint_execution/install/cartesian_waypoint_execution
[0.081s] -- The C compiler identification is GNU 9.3.0
[0.134s] -- The CXX compiler identification is GNU 9.3.0
[0.141s] -- Check for working C compiler: /usr/bin/cc
[0.190s] -- Check for working C compiler: /usr/bin/cc -- works
[0.192s] -- Detecting C compiler ABI info
[0.241s] -- Detecting C compiler ABI info - done
[0.257s] -- Detecting C compile features
[0.257s] -- Detecting C compile features - done
[0.261s] -- Check for working CXX compiler: /usr/bin/c++
[0.319s] -- Check for working CXX compiler: /usr/bin/c++ -- works
[0.320s] -- Detecting CXX compiler ABI info
[0.381s] -- Detecting CXX compiler ABI info - done
[0.396s] -- Detecting CXX compile features
[0.396s] -- Detecting CXX compile features - done
[0.400s] -- Found moveit_common: 2.2.1 (/opt/ros/foxy/share/moveit_common/cmake)
[0.404s] -- Found ament_cmake: 0.9.9 (/opt/ros/foxy/share/ament_cmake/cmake)
[0.427s] -- Found PythonInterp: /usr/bin/python3 (found suitable version "3.8.10", minimum required is "3") 
[0.427s] -- Using PYTHON_EXECUTABLE: /usr/bin/python3
[0.652s] cartesian_waypoint_execution: You did not request a specific build type: Choosing 'Release' for maximum performance
[0.880s] -- Found Boost: /usr/lib/x86_64-linux-gnu/cmake/Boost-1.71.0/BoostConfig.cmake (found version "1.71.0") found components: system filesystem date_time thread 
[0.883s] -- Found control_msgs: 2.5.1 (/opt/ros/foxy/share/control_msgs/cmake)
[0.914s] -- Using all available rosidl_typesupport_c: rosidl_typesupport_fastrtps_c;rosidl_typesupport_introspection_c
[0.921s] -- Found rosidl_adapter: 1.2.1 (/opt/ros/foxy/share/rosidl_adapter/cmake)
[0.984s] -- Found OpenSSL: /usr/lib/x86_64-linux-gnu/libcrypto.so (found version "1.1.1f")  
[1.009s] -- Found FastRTPS: /opt/ros/foxy/include  
[1.082s] -- Using all available rosidl_typesupport_cpp: rosidl_typesupport_fastrtps_cpp;rosidl_typesupport_introspection_cpp
[1.477s] -- Found moveit_core: 2.2.1 (/opt/ros/foxy/share/moveit_core/cmake)
[1.492s] -- Found Boost: /usr/lib/x86_64-linux-gnu/cmake/Boost-1.71.0/BoostConfig.cmake (found version "1.71.0") found components: chrono date_time filesystem iostreams program_options regex serialization system thread 
[1.574s] -- Found rmw_implementation_cmake: 1.0.3 (/opt/ros/foxy/share/rmw_implementation_cmake/cmake)
[1.576s] -- Using RMW implementation 'rmw_fastrtps_cpp' as default
[1.577s] -- Found Threads: TRUE  
[1.751s] -- library: /usr/lib/x86_64-linux-gnu/libcurl.so
[1.907s] -- Found Eigen3: TRUE (found version "3.3.7") 
[3.376s] -- Found moveit_ros_planning: 2.2.1 (/opt/ros/foxy/share/moveit_ros_planning/cmake)
[3.382s] -- Found Boost: /usr/lib/x86_64-linux-gnu/cmake/Boost-1.71.0/BoostConfig.cmake (found version "1.71.0") found components: system filesystem date_time program_options thread chrono 
[3.650s] -- Found Boost: /usr/lib/x86_64-linux-gnu/cmake/Boost-1.71.0/BoostConfig.cmake (found version "1.71.0") found components: thread 
[4.202s] -- Found moveit_ros_planning_interface: 2.2.1 (/opt/ros/foxy/share/moveit_ros_planning_interface/cmake)
[4.205s] -- Found Boost: /usr/lib/x86_64-linux-gnu/cmake/Boost-1.71.0/BoostConfig.cmake (found version "1.71.0")  
[4.210s] -- Found Boost: /usr/lib/x86_64-linux-gnu/cmake/Boost-1.71.0/BoostConfig.cmake (found version "1.71.0") found components: date_time filesystem program_options system thread 
[4.565s] -- Found Boost: /usr/lib/x86_64-linux-gnu/cmake/Boost-1.71.0/BoostConfig.cmake (found version "1.71.0") found components: thread system filesystem regex date_time program_options 
[4.915s] -- Found Boost: /usr/lib/x86_64-linux-gnu/cmake/Boost-1.71.0/BoostConfig.cmake (found version "1.71.0") found components: system filesystem date_time program_options thread 
[5.462s] -- Found moveit_ros_perception: 2.2.1 (/opt/ros/foxy/share/moveit_ros_perception/cmake)
[5.466s] -- Found Boost: /usr/lib/x86_64-linux-gnu/cmake/Boost-1.71.0/BoostConfig.cmake (found version "1.71.0") found components: thread 
[5.982s] -- Found moveit_servo: 2.2.1 (/opt/ros/foxy/share/moveit_servo/cmake)
[6.231s] -- Found interactive_markers: 2.1.3 (/opt/ros/foxy/share/interactive_markers/cmake)
[6.259s] CMake Error at CMakeLists.txt:32 (find_package):
[6.259s]   By not providing "Findrviz_visual_tools.cmake" in CMAKE_MODULE_PATH this
[6.259s]   project has asked CMake to find a package configuration file provided by
[6.259s]   "rviz_visual_tools", but CMake did not find one.
[6.260s] 
[6.260s]   Could not find a package configuration file provided by "rviz_visual_tools"
[6.260s]   with any of the following names:
[6.260s] 
[6.260s]     rviz_visual_toolsConfig.cmake
[6.260s]     rviz_visual_tools-config.cmake
[6.260s] 
[6.260s]   Add the installation prefix of "rviz_visual_tools" to CMAKE_PREFIX_PATH or
[6.260s]   set "rviz_visual_tools_DIR" to a directory containing one of the above
[6.260s]   files.  If "rviz_visual_tools" provides a separate development package or
[6.260s]   SDK, be sure it has been installed.
[6.260s] 
[6.260s] 
[6.262s] -- Configuring incomplete, errors occurred!
[6.262s] See also "/home/idlab185/UR3e-ROS2-resources/src/cartesian_waypoint_execution/build/cartesian_waypoint_execution/CMakeFiles/CMakeOutput.log".
[6.262s] See also "/home/idlab185/UR3e-ROS2-resources/src/cartesian_waypoint_execution/build/cartesian_waypoint_execution/CMakeFiles/CMakeError.log".
[6.271s] Invoked command in '/home/idlab185/UR3e-ROS2-resources/src/cartesian_waypoint_execution/build/cartesian_waypoint_execution' returned '1': CMAKE_PREFIX_PATH=/opt/ros/foxy /usr/bin/cmake /home/idlab185/UR3e-ROS2-resources/src/cartesian_waypoint_execution -DCMAKE_INSTALL_PREFIX=/home/idlab185/UR3e-ROS2-resources/src/cartesian_waypoint_execution/install/cartesian_waypoint_execution
